{"C:\\Users\\solda\\Desktop\\учеба\\курсы\\ajs-homeworks\\class\\src\\class\\bowerman.js": {"path":"C:\\Users\\solda\\Desktop\\учеба\\курсы\\ajs-homeworks\\class\\src\\class\\bowerman.js","statementMap":{"0":{"start":{"line":5,"column":8},"end":{"line":5,"column":26}},"1":{"start":{"line":6,"column":8},"end":{"line":6,"column":25}},"2":{"start":{"line":7,"column":8},"end":{"line":7,"column":26}}},"fnMap":{"0":{"name":"(anonymous_0)","decl":{"start":{"line":4,"column":4},"end":{"line":4,"column":5}},"loc":{"start":{"line":4,"column":28},"end":{"line":8,"column":5}},"line":4}},"branchMap":{},"s":{"0":2,"1":2,"2":2},"f":{"0":2},"b":{},"_coverageSchema":"1a1c01bbd47fc00a2c39e90264f33305004495a9","hash":"54000a25827b8fe71b155f660fb119e5e9c725af"}
,"C:\\Users\\solda\\Desktop\\учеба\\курсы\\ajs-homeworks\\class\\src\\class\\characters.js": {"path":"C:\\Users\\solda\\Desktop\\учеба\\курсы\\ajs-homeworks\\class\\src\\class\\characters.js","statementMap":{"0":{"start":{"line":3,"column":8},"end":{"line":3,"column":25}},"1":{"start":{"line":4,"column":9},"end":{"line":6,"column":9}},"2":{"start":{"line":5,"column":10},"end":{"line":5,"column":70}},"3":{"start":{"line":8,"column":8},"end":{"line":8,"column":25}},"4":{"start":{"line":9,"column":21},"end":{"line":9,"column":88}},"5":{"start":{"line":10,"column":8},"end":{"line":12,"column":9}},"6":{"start":{"line":11,"column":10},"end":{"line":11,"column":52}},"7":{"start":{"line":14,"column":8},"end":{"line":14,"column":26}},"8":{"start":{"line":15,"column":8},"end":{"line":15,"column":23}},"9":{"start":{"line":16,"column":8},"end":{"line":16,"column":32}},"10":{"start":{"line":17,"column":8},"end":{"line":17,"column":33}},"11":{"start":{"line":21,"column":8},"end":{"line":28,"column":9}},"12":{"start":{"line":22,"column":12},"end":{"line":22,"column":28}},"13":{"start":{"line":23,"column":12},"end":{"line":23,"column":31}},"14":{"start":{"line":24,"column":12},"end":{"line":24,"column":32}},"15":{"start":{"line":25,"column":12},"end":{"line":25,"column":30}},"16":{"start":{"line":27,"column":12},"end":{"line":27,"column":61}},"17":{"start":{"line":33,"column":8},"end":{"line":37,"column":9}},"18":{"start":{"line":34,"column":12},"end":{"line":34,"column":60}},"19":{"start":{"line":36,"column":12},"end":{"line":36,"column":52}}},"fnMap":{"0":{"name":"(anonymous_0)","decl":{"start":{"line":2,"column":4},"end":{"line":2,"column":5}},"loc":{"start":{"line":2,"column":29},"end":{"line":18,"column":5}},"line":2},"1":{"name":"(anonymous_1)","decl":{"start":{"line":20,"column":4},"end":{"line":20,"column":5}},"loc":{"start":{"line":20,"column":14},"end":{"line":30,"column":5}},"line":20},"2":{"name":"(anonymous_2)","decl":{"start":{"line":32,"column":4},"end":{"line":32,"column":5}},"loc":{"start":{"line":32,"column":19},"end":{"line":39,"column":5}},"line":32}},"branchMap":{"0":{"loc":{"start":{"line":4,"column":9},"end":{"line":6,"column":9}},"type":"if","locations":[{"start":{"line":4,"column":9},"end":{"line":6,"column":9}},{"start":{},"end":{}}],"line":4},"1":{"loc":{"start":{"line":4,"column":13},"end":{"line":4,"column":58}},"type":"binary-expr","locations":[{"start":{"line":4,"column":13},"end":{"line":4,"column":33}},{"start":{"line":4,"column":37},"end":{"line":4,"column":58}}],"line":4},"2":{"loc":{"start":{"line":10,"column":8},"end":{"line":12,"column":9}},"type":"if","locations":[{"start":{"line":10,"column":8},"end":{"line":12,"column":9}},{"start":{},"end":{}}],"line":10},"3":{"loc":{"start":{"line":21,"column":8},"end":{"line":28,"column":9}},"type":"if","locations":[{"start":{"line":21,"column":8},"end":{"line":28,"column":9}},{"start":{"line":26,"column":15},"end":{"line":28,"column":9}}],"line":21},"4":{"loc":{"start":{"line":33,"column":8},"end":{"line":37,"column":9}},"type":"if","locations":[{"start":{"line":33,"column":8},"end":{"line":37,"column":9}},{"start":{"line":35,"column":15},"end":{"line":37,"column":9}}],"line":33}},"s":{"0":14,"1":14,"2":1,"3":13,"4":13,"5":13,"6":1,"7":12,"8":12,"9":12,"10":12,"11":2,"12":1,"13":1,"14":1,"15":1,"16":1,"17":2,"18":1,"19":1},"f":{"0":14,"1":2,"2":2},"b":{"0":[1,13],"1":[14,14],"2":[1,12],"3":[1,1],"4":[1,1]},"_coverageSchema":"1a1c01bbd47fc00a2c39e90264f33305004495a9","hash":"bbe8a9efb1757c124574cd689287e62280a25090"}
,"C:\\Users\\solda\\Desktop\\учеба\\курсы\\ajs-homeworks\\class\\src\\class\\daemon.js": {"path":"C:\\Users\\solda\\Desktop\\учеба\\курсы\\ajs-homeworks\\class\\src\\class\\daemon.js","statementMap":{"0":{"start":{"line":5,"column":8},"end":{"line":5,"column":26}},"1":{"start":{"line":6,"column":8},"end":{"line":6,"column":25}},"2":{"start":{"line":7,"column":8},"end":{"line":7,"column":26}}},"fnMap":{"0":{"name":"(anonymous_0)","decl":{"start":{"line":4,"column":4},"end":{"line":4,"column":5}},"loc":{"start":{"line":4,"column":28},"end":{"line":8,"column":5}},"line":4}},"branchMap":{},"s":{"0":1,"1":1,"2":1},"f":{"0":1},"b":{},"_coverageSchema":"1a1c01bbd47fc00a2c39e90264f33305004495a9","hash":"5a8f2fd48167e7688b5cfbb140fd8d944d6551ab"}
,"C:\\Users\\solda\\Desktop\\учеба\\курсы\\ajs-homeworks\\class\\src\\class\\magician.js": {"path":"C:\\Users\\solda\\Desktop\\учеба\\курсы\\ajs-homeworks\\class\\src\\class\\magician.js","statementMap":{"0":{"start":{"line":5,"column":8},"end":{"line":5,"column":26}},"1":{"start":{"line":6,"column":8},"end":{"line":6,"column":25}},"2":{"start":{"line":7,"column":8},"end":{"line":7,"column":26}}},"fnMap":{"0":{"name":"(anonymous_0)","decl":{"start":{"line":4,"column":4},"end":{"line":4,"column":5}},"loc":{"start":{"line":4,"column":28},"end":{"line":8,"column":5}},"line":4}},"branchMap":{},"s":{"0":1,"1":1,"2":1},"f":{"0":1},"b":{},"_coverageSchema":"1a1c01bbd47fc00a2c39e90264f33305004495a9","hash":"a58916442efcaf6f9f9757a818b8c4547cbbe951"}
,"C:\\Users\\solda\\Desktop\\учеба\\курсы\\ajs-homeworks\\class\\src\\class\\swordsman.js": {"path":"C:\\Users\\solda\\Desktop\\учеба\\курсы\\ajs-homeworks\\class\\src\\class\\swordsman.js","statementMap":{"0":{"start":{"line":5,"column":8},"end":{"line":5,"column":26}},"1":{"start":{"line":6,"column":8},"end":{"line":6,"column":25}},"2":{"start":{"line":7,"column":8},"end":{"line":7,"column":26}}},"fnMap":{"0":{"name":"(anonymous_0)","decl":{"start":{"line":4,"column":4},"end":{"line":4,"column":5}},"loc":{"start":{"line":4,"column":28},"end":{"line":8,"column":5}},"line":4}},"branchMap":{},"s":{"0":1,"1":1,"2":1},"f":{"0":1},"b":{},"_coverageSchema":"1a1c01bbd47fc00a2c39e90264f33305004495a9","hash":"0fdba34ffd683cd01e5fcdbc8d9539b7a0e0f550"}
,"C:\\Users\\solda\\Desktop\\учеба\\курсы\\ajs-homeworks\\class\\src\\class\\undead.js": {"path":"C:\\Users\\solda\\Desktop\\учеба\\курсы\\ajs-homeworks\\class\\src\\class\\undead.js","statementMap":{"0":{"start":{"line":5,"column":8},"end":{"line":5,"column":26}},"1":{"start":{"line":6,"column":8},"end":{"line":6,"column":25}},"2":{"start":{"line":7,"column":8},"end":{"line":7,"column":26}}},"fnMap":{"0":{"name":"(anonymous_0)","decl":{"start":{"line":4,"column":4},"end":{"line":4,"column":5}},"loc":{"start":{"line":4,"column":28},"end":{"line":8,"column":5}},"line":4}},"branchMap":{},"s":{"0":1,"1":1,"2":1},"f":{"0":1},"b":{},"_coverageSchema":"1a1c01bbd47fc00a2c39e90264f33305004495a9","hash":"f3f105423ac6e7e4cad22b09b1c3f510d32909c3"}
,"C:\\Users\\solda\\Desktop\\учеба\\курсы\\ajs-homeworks\\class\\src\\class\\zombie.js": {"path":"C:\\Users\\solda\\Desktop\\учеба\\курсы\\ajs-homeworks\\class\\src\\class\\zombie.js","statementMap":{"0":{"start":{"line":5,"column":8},"end":{"line":5,"column":26}},"1":{"start":{"line":6,"column":8},"end":{"line":6,"column":25}},"2":{"start":{"line":7,"column":8},"end":{"line":7,"column":26}}},"fnMap":{"0":{"name":"(anonymous_0)","decl":{"start":{"line":4,"column":4},"end":{"line":4,"column":5}},"loc":{"start":{"line":4,"column":28},"end":{"line":8,"column":5}},"line":4}},"branchMap":{},"s":{"0":3,"1":3,"2":3},"f":{"0":3},"b":{},"_coverageSchema":"1a1c01bbd47fc00a2c39e90264f33305004495a9","hash":"f95e782e1587a2729dc5857f19dce9e7cf844bc5"}
}
